<?xml version="1.0" encoding="UTF-8"?>
<testng-results skipped="0" failed="0" total="1" passed="1">
  <reporter-output>
  </reporter-output>
  <suite name="steps.TestRunner" duration-ms="13967" started-at="2017-08-11T20:18:28Z" finished-at="2017-08-11T20:18:42Z">
    <groups>
      <group name="cucumber">
        <method signature="AbstractTestNGCucumberTests.feature(cucumber.api.testng.CucumberFeatureWrapper)[pri:0, instance:steps.TestRunner@6be46e8f]" name="feature" class="cucumber.api.testng.AbstractTestNGCucumberTests"/>
      </group> <!-- cucumber -->
    </groups>
    <test name="Command line test" duration-ms="13967" started-at="2017-08-11T20:18:28Z" finished-at="2017-08-11T20:18:42Z">
      <class name="steps.TestRunner">
        <test-method status="PASS" signature="setUpClass()[pri:0, instance:steps.TestRunner@6be46e8f]" name="setUpClass" is-config="true" duration-ms="325" started-at="2017-08-11T16:18:28Z" finished-at="2017-08-11T16:18:28Z">
          <reporter-output>
          </reporter-output>
        </test-method> <!-- setUpClass -->
        <test-method status="PASS" signature="feature(cucumber.api.testng.CucumberFeatureWrapper)[pri:0, instance:steps.TestRunner@6be46e8f]" name="feature" duration-ms="13523" started-at="2017-08-11T16:18:28Z" description="Runs Cucumber Feature" data-provider="features" finished-at="2017-08-11T16:18:42Z">
          <params>
            <param index="0">
              <value>
                <![CDATA[Authenticate registered user]]>
              </value>
            </param>
          </params>
          <reporter-output>
          </reporter-output>
        </test-method> <!-- feature -->
        <test-method status="PASS" signature="tearDownClass()[pri:0, instance:steps.TestRunner@6be46e8f]" name="tearDownClass" is-config="true" duration-ms="3" started-at="2017-08-11T16:18:42Z" finished-at="2017-08-11T16:18:42Z">
          <reporter-output>
          </reporter-output>
        </test-method> <!-- tearDownClass -->
      </class> <!-- steps.TestRunner -->
    </test> <!-- Command line test -->
  </suite> <!-- steps.TestRunner -->
</testng-results>
